This is XeTeX, Version 3.14159265-2.6-0.99991 (MiKTeX 2.9 64-bit) (preloaded format=xelatex 2015.4.12)  25 JUN 2015 23:47
entering extended mode
**covertemplate.tex
(covertemplate.tex
LaTeX2e <2014/05/01>
Babel <3.9l> and hyphenation patterns for 68 languages loaded.
("C:\Program Files\MiKTeX 2.9\tex\latex\koma-script\scrlttr2.cls"
Document Class: scrlttr2 2015/02/07 v3.16 KOMA-Script document class (letter)
("C:\Program Files\MiKTeX 2.9\tex\latex\koma-script\scrkbase.sty"
Package: scrkbase 2015/02/07 v3.16 KOMA-Script package (KOMA-Script-dependent b
asics and keyval usage)

("C:\Program Files\MiKTeX 2.9\tex\latex\koma-script\scrbase.sty"
Package: scrbase 2015/02/07 v3.16 KOMA-Script package (KOMA-Script-independent 
basics and keyval usage)

("C:\Program Files\MiKTeX 2.9\tex\latex\graphics\keyval.sty"
Package: keyval 2014/10/28 v1.15 key=value parser (DPC)
\KV@toks@=\toks14
)
("C:\Program Files\MiKTeX 2.9\tex\latex\koma-script\scrlfile.sty"
Package: scrlfile 2015/02/07 v3.16 KOMA-Script package (loading files)

Package scrlfile, 2015/02/07 v3.16 KOMA-Script package (loading files)
                  Copyright (C) Markus Kohm

)))
Class scrlttr2 Info: File `scrsize12pt.clo' used instead of
(scrlttr2)           file `scrsize12.clo' to setup font sizes on input line 140
8.
 ("C:\Program Files\MiKTeX 2.9\tex\latex\koma-script\scrsize12pt.clo"
File: scrsize12pt.clo 2015/02/07 v3.16 KOMA-Script font size class option (12pt
)
Requested font "cmr12" at 12.0pt
)
("C:\Program Files\MiKTeX 2.9\tex\latex\koma-script\typearea.sty"
Package: typearea 2015/02/07 v3.16 KOMA-Script package (type area)

Package typearea, 2015/02/07 v3.16 KOMA-Script package (type area)
                  Copyright (C) Frank Neukam, 1992-1994
                  Copyright (C) Markus Kohm, 1994-

\ta@bcor=\skip41
\ta@div=\count80
\ta@hblk=\skip42
\ta@vblk=\skip43
\ta@temp=\skip44
\footheight=\skip45
Package typearea Info: These are the values describing the layout:
(typearea)             DIV  = 12
(typearea)             BCOR = 0.0pt
(typearea)             \paperwidth      = 614.295pt
(typearea)              \textwidth      = 460.72128pt
(typearea)              DIV departure   = -9%
(typearea)              \evensidemargin = 4.51686pt
(typearea)              \oddsidemargin  = 4.51686pt
(typearea)             \paperheight     = 794.96999pt
(typearea)              \textheight     = 606.5pt
(typearea)              \topmargin      = -45.89749pt
(typearea)              \headheight     = 18.125pt
(typearea)              \headsep        = 21.75pt
(typearea)              \topskip        = 12.0pt
(typearea)              \footskip       = 50.75pt
(typearea)              \baselineskip   = 14.5pt
(typearea)              on input line 1342.
))
Class scrlttr2 Info: Letter-Class-Option `DIN' loaded on input line 2.
 ("C:\Program Files\MiKTeX 2.9\tex\latex\koma-script\DIN.lco"
File: DIN.lco 2015/02/07 v3.16 KOMA-Script letter-class-option
)
("C:\Program Files\MiKTeX 2.9\tex\latex\fontspec\fontspec.sty"
Package: fontspec 2014/06/21 v2.4a Font selection for XeLaTeX and LuaLaTeX

("C:\Program Files\MiKTeX 2.9\tex\latex\l3kernel\expl3.sty"
Package: expl3 2015/03/01 v5547 L3 programming layer (loader) 

("C:\Program Files\MiKTeX 2.9\tex\latex\l3kernel\expl3-code.tex"
Package: expl3 2015/03/01 v5547 L3 programming layer (code) 
L3 Module: l3bootstrap 2015/02/28 v5542 L3 Bootstrap code

("C:\Program Files\MiKTeX 2.9\tex\latex\misc\etex.sty"
Package: etex 2015/03/02 v2.1 eTeX basic definition package (PEB,DPC)
\et@xins=\count81
)
L3 Module: l3names 2015/02/24 v5535 L3 Namespace for primitives
L3 Module: l3basics 2015/01/27 v5500 L3 Basic definitions
L3 Module: l3expan 2014/11/27 v5472 L3 Argument expansion
L3 Module: l3tl 2015/01/27 v5500 L3 Token lists
L3 Module: l3str 2015/03/01 v5545 L3 Strings
L3 Module: l3seq 2014/08/23 v5354 L3 Sequences and stacks
L3 Module: l3int 2015/02/21 v5529 L3 Integers
\c_max_int=\count82
\l_tmpa_int=\count83
\l_tmpb_int=\count84
\g_tmpa_int=\count85
\g_tmpb_int=\count86
L3 Module: l3quark 2014/08/23 v5354 L3 Quarks
L3 Module: l3prg 2014/08/23 v5354 L3 Control structures
\g__prg_map_int=\count87
L3 Module: l3clist 2014/08/23 v5354 L3 Comma separated lists
L3 Module: l3token 2014/09/15 v5422 L3 Experimental token manipulation
L3 Module: l3prop 2014/08/23 v5354 L3 Property lists
L3 Module: l3msg 2015/02/26 v5537 L3 Messages
L3 Module: l3file 2014/08/24 v5369 L3 File and I/O operations
\l_iow_line_count_int=\count88
\l__iow_target_count_int=\count89
\l__iow_current_line_int=\count90
\l__iow_current_word_int=\count91
\l__iow_current_indentation_int=\count92
L3 Module: l3skip 2014/08/23 v5354 L3 Dimensions and skips
\c_zero_dim=\dimen102
\c_max_dim=\dimen103
\l_tmpa_dim=\dimen104
\l_tmpb_dim=\dimen105
\g_tmpa_dim=\dimen106
\g_tmpb_dim=\dimen107
\c_zero_skip=\skip46
\c_max_skip=\skip47
\l_tmpa_skip=\skip48
\l_tmpb_skip=\skip49
\g_tmpa_skip=\skip50
\g_tmpb_skip=\skip51
\c_zero_muskip=\muskip10
\c_max_muskip=\muskip11
\l_tmpa_muskip=\muskip12
\l_tmpb_muskip=\muskip13
\g_tmpa_muskip=\muskip14
\g_tmpb_muskip=\muskip15
L3 Module: l3keys 2015/01/27 v5500 L3 Key-value interfaces
\g__keyval_level_int=\count93
\l_keys_choice_int=\count94
L3 Module: l3fp 2014/08/22 v5336 L3 Floating points
\c__fp_leading_shift_int=\count95
\c__fp_middle_shift_int=\count96
\c__fp_trailing_shift_int=\count97
\c__fp_big_leading_shift_int=\count98
\c__fp_big_middle_shift_int=\count99
\c__fp_big_trailing_shift_int=\count100
\c__fp_Bigg_leading_shift_int=\count101
\c__fp_Bigg_middle_shift_int=\count102
\c__fp_Bigg_trailing_shift_int=\count103
L3 Module: l3box 2014/08/23 v5354 L3 Experimental boxes
\c_empty_box=\box26
\l_tmpa_box=\box27
\l_tmpb_box=\box28
\g_tmpa_box=\box29
\g_tmpb_box=\box30
L3 Module: l3coffins 2014/08/23 v5354 L3 Coffin code layer
\l__coffin_internal_box=\box31
\l__coffin_internal_dim=\dimen108
\l__coffin_offset_x_dim=\dimen109
\l__coffin_offset_y_dim=\dimen110
\l__coffin_x_dim=\dimen111
\l__coffin_y_dim=\dimen112
\l__coffin_x_prime_dim=\dimen113
\l__coffin_y_prime_dim=\dimen114
\c_empty_coffin=\box32
\l__coffin_aligned_coffin=\box33
\l__coffin_aligned_internal_coffin=\box34
\l_tmpa_coffin=\box35
\l_tmpb_coffin=\box36
\l__coffin_display_coffin=\box37
\l__coffin_display_coord_coffin=\box38
\l__coffin_display_pole_coffin=\box39
\l__coffin_display_offset_dim=\dimen115
\l__coffin_display_x_dim=\dimen116
\l__coffin_display_y_dim=\dimen117
L3 Module: l3color 2014/08/23 v5354 L3 Experimental color support
L3 Module: l3candidates 2015/03/01 v5544 L3 Experimental additions to l3kernel
\l__box_top_dim=\dimen118
\l__box_bottom_dim=\dimen119
\l__box_left_dim=\dimen120
\l__box_right_dim=\dimen121
\l__box_top_new_dim=\dimen122
\l__box_bottom_new_dim=\dimen123
\l__box_left_new_dim=\dimen124
\l__box_right_new_dim=\dimen125
\l__box_internal_box=\box40
\l__coffin_bounding_shift_dim=\dimen126
\l__coffin_left_corner_dim=\dimen127
\l__coffin_right_corner_dim=\dimen128
\l__coffin_bottom_corner_dim=\dimen129
\l__coffin_top_corner_dim=\dimen130
\l__coffin_scaled_total_height_dim=\dimen131
\l__coffin_scaled_width_dim=\dimen132
)
("C:\Program Files\MiKTeX 2.9\tex\latex\l3kernel\l3unicode-data.def"
File: l3unicode-data.def 2015/03/01 v5544 L3 Unicode data
)
("C:\Program Files\MiKTeX 2.9\tex\latex\l3kernel\l3xdvipdfmx.def"
File: l3xdvidpfmx.def 2015/03/01 v5544 L3 Experimental driver: xdvipdfmx
))
("C:\Program Files\MiKTeX 2.9\tex\latex\l3packages\xparse\xparse.sty"
Package: xparse 2014/11/25 v5471 L3 Experimental document command parser
\l__xparse_current_arg_int=\count104
\l__xparse_m_args_int=\count105
\l__xparse_mandatory_args_int=\count106
\l__xparse_processor_int=\count107
\l__xparse_v_nesting_int=\count108
)
\l_fontspec_script_int=\count109
\l_fontspec_language_int=\count110
\l_fontspec_strnum_int=\count111
\l__fontspec_tmpa_dim=\dimen133
\l__fontspec_tmpb_dim=\dimen134
\l__fontspec_tmpc_dim=\dimen135
Variant \tl_gset:cV already defined; not changing it on line 71

("C:\Program Files\MiKTeX 2.9\tex\latex\fontspec\fontspec-patches.sty"
Package: fontspec-patches 2014/06/21 v2.4a Font selection for XeLaTeX and LuaLa
TeX
LaTeX Info: Redefining \em on input line 38.
LaTeX Info: Redefining \emph on input line 46.
LaTeX Info: Redefining \- on input line 49.
.................................................
. LaTeX info: "xparse/redefine-command"
. 
. Redefining command \oldstylenums with sig. 'm' on line 144.
.................................................
.................................................
. LaTeX info: "xparse/define-command"
. 
. Defining command \liningnums with sig. 'm' on line 148.
.................................................
)
("C:\Program Files\MiKTeX 2.9\tex\latex\fontspec\fontspec-xetex.sty"
Package: fontspec-xetex 2014/06/21 v2.4a Font selection for XeLaTeX and LuaLaTe
X

("C:\Program Files\MiKTeX 2.9\tex\latex\base\fontenc.sty"
Package: fontenc 2005/09/27 v1.99g Standard LaTeX package

("C:\Program Files\MiKTeX 2.9\tex\latex\euenc\eu1enc.def"
File: eu1enc.def 2010/05/27 v0.1h Experimental Unicode font encodings
)
LaTeX Font Info:    Try loading font information for EU1+lmr on input line 100.


("C:\Program Files\MiKTeX 2.9\tex\latex\euenc\eu1lmr.fd"
File: eu1lmr.fd 2009/10/30 v1.6 Font defs for Latin Modern
)
Requested font "[lmroman10-regular]:mapping=tex-text" at 10.0pt
 -> C:/Program Files/MiKTeX 2.9/fonts/opentype/public/lm/lmroman10-regular.otf
)
("C:\Program Files\MiKTeX 2.9\tex\xelatex\xunicode\xunicode.sty"
File: xunicode.sty 2011/09/09 v0.981 provides access to latin accents and many 
other characters in Unicode lower plane

("C:\Program Files\MiKTeX 2.9\tex\latex\tipa\t3enc.def"
File: t3enc.def 2001/12/31 T3 encoding
Requested font "[lmromanslant10-regular]:mapping=tex-text" at 10.0pt
 -> C:/Program Files/MiKTeX 2.9/fonts/opentype/public/lm/lmromanslant10-regular
.otf
Requested font "[lmroman10-italic]:mapping=tex-text" at 10.0pt
 -> C:/Program Files/MiKTeX 2.9/fonts/opentype/public/lm/lmroman10-italic.otf
Requested font "[lmroman10-bold]:mapping=tex-text" at 10.0pt
 -> C:/Program Files/MiKTeX 2.9/fonts/opentype/public/lm/lmroman10-bold.otf
LaTeX Font Info:    Try loading font information for EU1+lmss on input line 357
.

("C:\Program Files\MiKTeX 2.9\tex\latex\euenc\eu1lmss.fd"
File: eu1lmss.fd 2009/10/30 v1.6 Font defs for Latin Modern
)
Requested font "[lmsans10-regular]:mapping=tex-text" at 10.0pt
 -> C:/Program Files/MiKTeX 2.9/fonts/opentype/public/lm/lmsans10-regular.otf
)
\tipaTiiicode=\count112
\tipasavetokens=\toks15
\tipachecktokens=\toks16

("C:\Program Files\MiKTeX 2.9\tex\latex\graphics\graphicx.sty"
Package: graphicx 2014/10/28 v1.0g Enhanced LaTeX Graphics (DPC,SPQR)

("C:\Program Files\MiKTeX 2.9\tex\latex\graphics\graphics.sty"
Package: graphics 2014/10/28 v1.0p Standard LaTeX Graphics (DPC,SPQR)

("C:\Program Files\MiKTeX 2.9\tex\latex\graphics\trig.sty"
Package: trig 1999/03/16 v1.09 sin cos tan (DPC)
)
("C:\Program Files\MiKTeX 2.9\tex\latex\00miktex\graphics.cfg"
File: graphics.cfg 2007/01/18 v1.5 graphics configuration of teTeX/TeXLive
)
Package graphics Info: Driver file: xetex.def on input line 91.

("C:\Program Files\MiKTeX 2.9\tex\xelatex\xetex-def\xetex.def"
File: xetex.def 2014/07/25 v4.03 LaTeX color/graphics driver for XeTeX (RRM/JK)

))
\Gin@req@height=\dimen136
\Gin@req@width=\dimen137
))
.................................................
. LaTeX info: "xparse/define-command"
. 
. Defining command \fontspec with sig. 'O{}mO{}' on line 41.
.................................................
.................................................
. LaTeX info: "xparse/define-command"
. 
. Defining command \setmainfont with sig. 'O{}mO{}' on line 47.
.................................................
.................................................
. LaTeX info: "xparse/define-command"
. 
. Defining command \setsansfont with sig. 'O{}mO{}' on line 53.
.................................................
.................................................
. LaTeX info: "xparse/define-command"
. 
. Defining command \setmonofont with sig. 'O{}mO{}' on line 59.
.................................................
.................................................
. LaTeX info: "xparse/define-command"
. 
. Defining command \setmathrm with sig. 'O{}mO{}' on line 68.
.................................................
.................................................
. LaTeX info: "xparse/define-command"
. 
. Defining command \setboldmathrm with sig. 'O{}mO{}' on line 72.
.................................................
.................................................
. LaTeX info: "xparse/define-command"
. 
. Defining command \setmathsf with sig. 'O{}mO{}' on line 76.
.................................................
.................................................
. LaTeX info: "xparse/define-command"
. 
. Defining command \setmathtt with sig. 'O{}mO{}' on line 80.
.................................................
.................................................
. LaTeX info: "xparse/define-command"
. 
. Defining command \newfontfamily with sig. 'mO{}mO{}' on line 99.
.................................................
.................................................
. LaTeX info: "xparse/define-command"
. 
. Defining command \newfontface with sig. 'mO{}mO{}' on line 103.
.................................................
.................................................
. LaTeX info: "xparse/define-command"
. 
. Defining command \defaultfontfeatures with sig. 't+om' on line 112.
.................................................
.................................................
. LaTeX info: "xparse/define-command"
. 
. Defining command \addfontfeatures with sig. 'm' on line 170.
.................................................
.................................................
. LaTeX info: "xparse/define-command"
. 
. Defining command \newfontfeature with sig. 'mm' on line 181.
.................................................
.................................................
. LaTeX info: "xparse/define-command"
. 
. Defining command \newAATfeature with sig. 'mmmm' on line 189.
.................................................
.................................................
. LaTeX info: "xparse/define-command"
. 
. Defining command \newopentypefeature with sig. 'mmm' on line 197.
.................................................
.................................................
. LaTeX info: "xparse/define-command"
. 
. Defining command \aliasfontfeature with sig. 'mm' on line 226.
.................................................
.................................................
. LaTeX info: "xparse/define-command"
. 
. Defining command \aliasfontfeatureoption with sig. 'mmm' on line 228.
.................................................
.................................................
. LaTeX info: "xparse/define-command"
. 
. Defining command \newfontscript with sig. 'mm' on line 233.
.................................................
.................................................
. LaTeX info: "xparse/define-command"
. 
. Defining command \newfontlanguage with sig. 'mm' on line 259.
.................................................
.................................................
. LaTeX info: "xparse/define-command"
. 
. Defining command \DeclareFontsExtensions with sig. 'm' on line 279.
.................................................
Variant \prop_gput:cnV already defined; not changing it on line 662
Variant \prop_gput:cnx already defined; not changing it on line 663
\l__fontspec_tmp_int=\count113
LaTeX Info: Redefining \itshape on input line 2193.
LaTeX Info: Redefining \slshape on input line 2198.
LaTeX Info: Redefining \scshape on input line 2203.
LaTeX Info: Redefining \upshape on input line 2208.

("C:\Program Files\MiKTeX 2.9\tex\latex\fontspec\fontspec.cfg")))
("C:\Program Files\MiKTeX 2.9\tex\latex\marvosym\marvosym.sty"
Package: marvosym 2011/07/20 v2.2 Martin Vogel's Symbols font definitions
)
("C:\Program Files\MiKTeX 2.9\tex\latex\babel\babel.sty"
Package: babel 2014/09/25 3.9l The Babel package

*************************************
* Local config file bblopts.cfg used
*
("C:\Program Files\MiKTeX 2.9\tex\latex\00miktex\bblopts.cfg"
File: bblopts.cfg 2006/07/31 v1.0 MiKTeX 'babel' configuration
)
("C:\Program Files\MiKTeX 2.9\tex\latex\babel-dutch\dutch.ldf"
Language: dutch 2005/03/30 v3.8i Dutch support from the babel system

("C:\Program Files\MiKTeX 2.9\tex\latex\babel\babel.def"
File: babel.def 2014/09/25 3.9l Babel common definitions
\babel@savecnt=\count114
\U@D=\dimen138

("C:\Program Files\MiKTeX 2.9\tex\latex\babel\xebabel.def"))
Package babel Info: Making " an active character on input line 132.
)
("C:\Program Files\MiKTeX 2.9\tex\latex\babel-english\english.ldf"
Language: english 2012/08/20 v3.3p English support from the babel system
\l@canadian = a dialect from \language\l@american 
\l@australian = a dialect from \language\l@british 
\l@newzealand = a dialect from \language\l@british 
))
\g__file_internal_ior=\read1
Requested font "[texgyreheros-regular.otf]/OT" at 10.0pt
 -> C:/Program Files/MiKTeX 2.9/fonts/opentype/public/tex-gyre/texgyreheros-reg
ular.otf
\g__fontspec_family_texgyreheros-regular.otf_int=\count115
Requested font "[lmroman12-regular]:mapping=tex-text" at 12.0pt
 -> C:/Program Files/MiKTeX 2.9/fonts/opentype/public/lm/lmroman12-regular.otf
.................................................
. fontspec info: "defining-font"
. 
. Font family 'texgyreheros-regular.otf(0)' created for font
. 'texgyreheros-regular.otf' with options [Mapping=tex-text,Ligatures=TeX].
. 
. This font family consists of the following shapes:
. 
. * 'normal' with NFSS spec.:
. 
. <->"[texgyreheros-regular.otf]/OT:script=latn;language=DFLT;mapping=tex-text;
mapping=tex-text;"
. 
. * 'small caps' with NFSS spec.:
. 
. <->"[texgyreheros-regular.otf]/OT:script=latn;language=DFLT;mapping=tex-text;
mapping=tex-text;+smcp;"
. and font adjustment code:
. 
.................................................
Requested font "[texgyreheros-regular.otf]/OT:script=latn;language=DFLT;mapping
=tex-text;mapping=tex-text;" at 10.0pt
 -> C:/Program Files/MiKTeX 2.9/fonts/opentype/public/tex-gyre/texgyreheros-reg
ular.otf
Requested font "[Lato-Light.ttf]/OT" at 10.0pt
 -> C:/WINDOWS/Fonts/Lato-Light.ttf
\g__fontspec_family_Lato-Light.ttf_int=\count116
Requested font "[texgyreheros-regular.otf]/OT:script=latn;language=DFLT;mapping
=tex-text;mapping=tex-text;" at 12.0pt
 -> C:/Program Files/MiKTeX 2.9/fonts/opentype/public/tex-gyre/texgyreheros-reg
ular.otf
.................................................
. fontspec info: "defining-font"
. 
. Font family 'Lato-Light.ttf(0)' created for font 'Lato-Light.ttf' with
. options [Mapping=tex-text,Ligatures=TeX].
. 
. This font family consists of the following shapes:
. 
. * 'normal' with NFSS spec.:
. 
. <->"[Lato-Light.ttf]/OT:script=latn;language=DFLT;mapping=tex-text;mapping=te
x-text;"
. 
. * 'small caps' with NFSS spec.:
. 
. and font adjustment code:
. 
.................................................

(covertemplate.aux)
LaTeX Font Info:    Checking defaults for OML/cmm/m/it on input line 59.
LaTeX Font Info:    ... okay on input line 59.
LaTeX Font Info:    Checking defaults for T1/cmr/m/n on input line 59.
LaTeX Font Info:    ... okay on input line 59.
LaTeX Font Info:    Checking defaults for OT1/cmr/m/n on input line 59.
LaTeX Font Info:    ... okay on input line 59.
LaTeX Font Info:    Checking defaults for OMS/cmsy/m/n on input line 59.
LaTeX Font Info:    ... okay on input line 59.
LaTeX Font Info:    Checking defaults for OMX/cmex/m/n on input line 59.
LaTeX Font Info:    ... okay on input line 59.
LaTeX Font Info:    Checking defaults for U/cmr/m/n on input line 59.
LaTeX Font Info:    ... okay on input line 59.
LaTeX Font Info:    Checking defaults for EU1/lmr/m/n on input line 59.
LaTeX Font Info:    ... okay on input line 59.
LaTeX Font Info:    Checking defaults for T3/cmr/m/n on input line 59.
LaTeX Font Info:    Try loading font information for T3+cmr on input line 59.
 ("C:\Program Files\MiKTeX 2.9\tex\latex\tipa\t3cmr.fd"
File: t3cmr.fd 2001/12/31 TIPA font definitions
)
LaTeX Font Info:    ... okay on input line 59.
Package scrbase Info: activating english \yourrefname on input line 59.
Package scrbase Info: activating english \yourmailname on input line 59.
Package scrbase Info: activating english \myrefname on input line 59.
Package scrbase Info: activating english \customername on input line 59.
Package scrbase Info: activating english \invoicename on input line 59.
Package scrbase Info: activating english \subjectname on input line 59.
Package scrbase Info: activating english \ccname on input line 59.
Package scrbase Info: activating english \enclname on input line 59.
Package scrbase Info: activating english \headtoname on input line 59.
Package scrbase Info: activating english \headfromname on input line 59.
Package scrbase Info: activating english \datename on input line 59.
Package scrbase Info: activating english \pagename on input line 59.
Package scrbase Info: activating english \phonename on input line 59.
Package scrbase Info: activating english \mobilephonename on input line 59.
Package scrbase Info: activating english \faxname on input line 59.
Package scrbase Info: activating english \emailname on input line 59.
Package scrbase Info: activating english \wwwname on input line 59.
Package scrbase Info: activating english \bankname on input line 59.
Class scrlttr2 Info: no date found for language `american'
(scrlttr2)           --> skipped on input line 59.
Class scrlttr2 Info: no date found for language `australien'
(scrlttr2)           --> skipped on input line 59.
Class scrlttr2 Info: no date found for language `british'
(scrlttr2)           --> skipped on input line 59.
Class scrlttr2 Info: no date found for language `canadian'
(scrlttr2)           --> skipped on input line 59.
Class scrlttr2 Info: no date found for language `newzealand'
(scrlttr2)           --> skipped on input line 59.
Class scrlttr2 Info: no date found for language `USenglish'
(scrlttr2)           --> skipped on input line 59.
Class scrlttr2 Info: no date found for language `UKenglish'
(scrlttr2)           --> skipped on input line 59.
Class scrlttr2 Info: no date found for language `german'
(scrlttr2)           --> skipped on input line 59.
Class scrlttr2 Info: no date found for language `ngerman'
(scrlttr2)           --> skipped on input line 59.
Class scrlttr2 Info: no date found for language `austrian'
(scrlttr2)           --> skipped on input line 59.
Class scrlttr2 Info: no date found for language `naustrian'
(scrlttr2)           --> skipped on input line 59.
Class scrlttr2 Info: no date found for language `swissgerman'
(scrlttr2)           --> skipped on input line 59.
Class scrlttr2 Info: no date found for language `nswissgerman'
(scrlttr2)           --> skipped on input line 59.
Class scrlttr2 Info: no date found for language `acadian'
(scrlttr2)           --> skipped on input line 59.
Class scrlttr2 Info: no date found for language `canadien'
(scrlttr2)           --> skipped on input line 59.
Class scrlttr2 Info: no date found for language `francais'
(scrlttr2)           --> skipped on input line 59.
Class scrlttr2 Info: no date found for language `french'
(scrlttr2)           --> skipped on input line 59.
Class scrlttr2 Info: no date found for language `italian'
(scrlttr2)           --> skipped on input line 59.
Class scrlttr2 Info: no date found for language `spanish'
(scrlttr2)           --> skipped on input line 59.
Class scrlttr2 Info: no date found for language `croatian'
(scrlttr2)           --> skipped on input line 59.
Class scrlttr2 Info: no date found for language `finnish'
(scrlttr2)           --> skipped on input line 59.
Class scrlttr2 Info: no date found for language `norsk'
(scrlttr2)           --> skipped on input line 59.
Class scrlttr2 Info: no date found for language `swedish'
(scrlttr2)           --> skipped on input line 59.
Class scrlttr2 Info: no date found for language `polish'
(scrlttr2)           --> skipped on input line 59.
Class scrlttr2 Info: no date found for language `czech'
(scrlttr2)           --> skipped on input line 59.
Class scrlttr2 Info: no date found for language `slovak'
(scrlttr2)           --> skipped on input line 59.
Class scrlttr2 Info: trying to activate captions and date
(scrlttr2)           of language `english' on input line 59.
Class scrlttr2 Info: used language is `english'.
(scrlttr2)           Supported languages are: `english', `UKenglish',
(scrlttr2)           `british', `american', `USenglish', `australian`,
(scrlttr2)           `canadian', `newzealand',
(scrlttr2)           `german', `ngerman', `austrian', `naustrian',
(scrlttr2)           `swissgerman', `nswissgermsn',
(scrlttr2)           `acadian', `canadien', `francais', `french', 
(scrlttr2)           `dutch', `italian', `spanish', `polish',
(scrlttr2)           `croatian', `finnish', `norsk', `swedish',
(scrlttr2)           `czech'. `slovak'  on input line 59.
.................................................
. fontspec info: "setup-math"
. 
. Adjusting the maths setup (use [no-math] to avoid this).
.................................................
\symlegacymaths=\mathgroup4
LaTeX Font Info:    Overwriting symbol font `legacymaths' in version `bold'
(Font)                  OT1/cmr/m/n --> OT1/cmr/bx/n on input line 59.
LaTeX Font Info:    Redeclaring math accent \acute on input line 59.
LaTeX Font Info:    Redeclaring math accent \grave on input line 59.
LaTeX Font Info:    Redeclaring math accent \ddot on input line 59.
LaTeX Font Info:    Redeclaring math accent \tilde on input line 59.
LaTeX Font Info:    Redeclaring math accent \bar on input line 59.
LaTeX Font Info:    Redeclaring math accent \breve on input line 59.
LaTeX Font Info:    Redeclaring math accent \check on input line 59.
LaTeX Font Info:    Redeclaring math accent \hat on input line 59.
LaTeX Font Info:    Redeclaring math accent \dot on input line 59.
LaTeX Font Info:    Redeclaring math accent \mathring on input line 59.
LaTeX Font Info:    Redeclaring math symbol \colon on input line 59.
LaTeX Font Info:    Redeclaring math symbol \Gamma on input line 59.
LaTeX Font Info:    Redeclaring math symbol \Delta on input line 59.
LaTeX Font Info:    Redeclaring math symbol \Theta on input line 59.
LaTeX Font Info:    Redeclaring math symbol \Lambda on input line 59.
LaTeX Font Info:    Redeclaring math symbol \Xi on input line 59.
LaTeX Font Info:    Redeclaring math symbol \Pi on input line 59.
LaTeX Font Info:    Redeclaring math symbol \Sigma on input line 59.
LaTeX Font Info:    Redeclaring math symbol \Upsilon on input line 59.
LaTeX Font Info:    Redeclaring math symbol \Phi on input line 59.
LaTeX Font Info:    Redeclaring math symbol \Psi on input line 59.
LaTeX Font Info:    Redeclaring math symbol \Omega on input line 59.
LaTeX Font Info:    Redeclaring math symbol \mathdollar on input line 59.
LaTeX Font Info:    Redeclaring symbol font `operators' on input line 59.
LaTeX Font Info:    Encoding `OT1' has changed to `EU1' for symbol font
(Font)              `operators' in the math version `normal' on input line 59.
LaTeX Font Info:    Overwriting symbol font `operators' in version `normal'
(Font)                  OT1/cmr/m/n --> EU1/texgyreheros-regular.otf(0)/m/n on 
input line 59.
LaTeX Font Info:    Encoding `OT1' has changed to `EU1' for symbol font
(Font)              `operators' in the math version `bold' on input line 59.
LaTeX Font Info:    Overwriting symbol font `operators' in version `bold'
(Font)                  OT1/cmr/bx/n --> EU1/texgyreheros-regular.otf(0)/m/n on
 input line 59.
LaTeX Font Info:    Overwriting symbol font `operators' in version `normal'
(Font)                  EU1/texgyreheros-regular.otf(0)/m/n --> EU1/texgyrehero
s-regular.otf(0)/m/n on input line 59.
LaTeX Font Info:    Overwriting math alphabet `\mathit' in version `normal'
(Font)                  OT1/cmr/m/it --> EU1/texgyreheros-regular.otf(0)/m/it o
n input line 59.
LaTeX Font Info:    Overwriting math alphabet `\mathbf' in version `normal'
(Font)                  OT1/cmr/bx/n --> EU1/texgyreheros-regular.otf(0)/bx/n o
n input line 59.
LaTeX Font Info:    Overwriting math alphabet `\mathsf' in version `normal'
(Font)                  OT1/cmss/m/n --> EU1/Lato-Light.ttf(0)/m/n on input lin
e 59.
LaTeX Font Info:    Overwriting math alphabet `\mathtt' in version `normal'
(Font)                  OT1/cmtt/m/n --> EU1/lmtt/m/n on input line 59.
LaTeX Font Info:    Overwriting symbol font `operators' in version `bold'
(Font)                  EU1/texgyreheros-regular.otf(0)/m/n --> EU1/texgyrehero
s-regular.otf(0)/bx/n on input line 59.
LaTeX Font Info:    Overwriting math alphabet `\mathit' in version `bold'
(Font)                  OT1/cmr/bx/it --> EU1/texgyreheros-regular.otf(0)/bx/it
 on input line 59.
LaTeX Font Info:    Overwriting math alphabet `\mathsf' in version `bold'
(Font)                  OT1/cmss/bx/n --> EU1/Lato-Light.ttf(0)/bx/n on input l
ine 59.
LaTeX Font Info:    Overwriting math alphabet `\mathtt' in version `bold'
(Font)                  OT1/cmtt/m/n --> EU1/lmtt/bx/n on input line 59.


Class scrlttr2 Warning: Letter option file `DIN.lco'
(scrlttr2)              needs paper size `a4'.
(scrlttr2)              Current paper size is not `a4'!
(scrlttr2)              You should add `paper=a4' at the
(scrlttr2)              option list of \documentclass!
(scrlttr2)              Maybe you know what you are doing,
(scrlttr2)              so I do not change this myself.

Foldmarks: yes
Head of first page
Requested font "[texgyreheros-regular.otf]/OT" at 12.0pt
 -> C:/Program Files/MiKTeX 2.9/fonts/opentype/public/tex-gyre/texgyreheros-reg
ular.otf
.................................................
. fontspec info: "defining-font"
. 
. Font family 'texgyreheros-regular.otf(1)' created for font
. 'texgyreheros-regular.otf' with options
. [Mapping=tex-text,Ligatures=TeX,LetterSpace=20.0].
. 
. This font family consists of the following shapes:
. 
. * 'normal' with NFSS spec.:
. 
. <->"[texgyreheros-regular.otf]/OT:script=latn;language=DFLT;mapping=tex-text;
mapping=tex-text;letterspace=20.0;"
. 
. * 'small caps' with NFSS spec.:
. 
. <->"[texgyreheros-regular.otf]/OT:script=latn;language=DFLT;mapping=tex-text;
mapping=tex-text;letterspace=20.0;+smcp;"
. and font adjustment code:
. 
.................................................
Requested font "[texgyreheros-regular.otf]/OT:script=latn;language=DFLT;mapping
=tex-text;mapping=tex-text;letterspace=20.0;" at 12.0pt
 -> C:/Program Files/MiKTeX 2.9/fonts/opentype/public/tex-gyre/texgyreheros-reg
ular.otf
Requested font "[texgyreheros-regular.otf]/OT:script=latn;language=DFLT;mapping
=tex-text;mapping=tex-text;letterspace=20.0;" at 0.1pt
 -> C:/Program Files/MiKTeX 2.9/fonts/opentype/public/tex-gyre/texgyreheros-reg
ular.otf
Requested font "[texgyreheros-regular.otf]/OT:script=latn;language=DFLT;mapping
=tex-text;mapping=tex-text;letterspace=20.0;+smcp;" at 0.1pt
 -> C:/Program Files/MiKTeX 2.9/fonts/opentype/public/tex-gyre/texgyreheros-reg
ular.otf
Requested font "[texgyreheros-regular.otf]/OT:script=latn;language=DFLT;mapping
=tex-text;mapping=tex-text;" at 21.0pt
 -> C:/Program Files/MiKTeX 2.9/fonts/opentype/public/tex-gyre/texgyreheros-reg
ular.otf
Requested font "[texgyreheros-regular.otf]/OT:script=latn;language=DFLT;mapping
=tex-text;mapping=tex-text;+smcp;" at 21.0pt
 -> C:/Program Files/MiKTeX 2.9/fonts/opentype/public/tex-gyre/texgyreheros-reg
ular.otf
Foot of first page
.................................................
. fontspec info: "defining-font"
. 
. Font family 'texgyreheros-regular.otf(2)' created for font
. 'texgyreheros-regular.otf' with options
. [Mapping=tex-text,Ligatures=TeX,LetterSpace=10.0].
. 
. This font family consists of the following shapes:
. 
. * 'normal' with NFSS spec.:
. 
. <->"[texgyreheros-regular.otf]/OT:script=latn;language=DFLT;mapping=tex-text;
mapping=tex-text;letterspace=10.0;"
. 
. * 'small caps' with NFSS spec.:
. 
. <->"[texgyreheros-regular.otf]/OT:script=latn;language=DFLT;mapping=tex-text;
mapping=tex-text;letterspace=10.0;+smcp;"
. and font adjustment code:
. 
.................................................
Requested font "[texgyreheros-regular.otf]/OT:script=latn;language=DFLT;mapping
=tex-text;mapping=tex-text;letterspace=10.0;" at 12.0pt
 -> C:/Program Files/MiKTeX 2.9/fonts/opentype/public/tex-gyre/texgyreheros-reg
ular.otf
Requested font "[texgyreheros-regular.otf]/OT:script=latn;language=DFLT;mapping
=tex-text;mapping=tex-text;letterspace=10.0;+smcp;" at 12.0pt
 -> C:/Program Files/MiKTeX 2.9/fonts/opentype/public/tex-gyre/texgyreheros-reg
ular.otf
Requested font "[texgyreheros-regular.otf]/OT:script=latn;language=DFLT;mapping
=tex-text;mapping=tex-text;letterspace=10.0;+smcp;" at 17.28pt
 -> C:/Program Files/MiKTeX 2.9/fonts/opentype/public/tex-gyre/texgyreheros-reg
ular.otf
LaTeX Font Info:    Try loading font information for U+mvs on input line 77.
("C:\Program Files\MiKTeX 2.9\tex\latex\marvosym\umvs.fd")
Requested font "umvs" at 17.28pt

Address (backaddress, addressee)
Requested font "[texgyreheros-regular.otf]/OT:script=latn;language=DFLT;mapping
=tex-text;mapping=tex-text;" at 8.0pt
 -> C:/Program Files/MiKTeX 2.9/fonts/opentype/public/tex-gyre/texgyreheros-reg
ular.otf
Requested font "[texgyreheros-regular.otf]/OT:script=latn;language=DFLT;mapping
=tex-text;mapping=tex-text;" at 6.0pt
 -> C:/Program Files/MiKTeX 2.9/fonts/opentype/public/tex-gyre/texgyreheros-reg
ular.otf
Requested font "cmmi12" at 12.0pt
Requested font "cmmi8" at 8.0pt
Requested font "cmmi6" at 6.0pt
Requested font "cmsy10" at 12.0pt
Requested font "cmsy8" at 8.0pt
Requested font "cmsy6" at 6.0pt
LaTeX Font Info:    External font `cmex10' loaded for size
(Font)              <12> on input line 77.
LaTeX Font Info:    External font `cmex10' loaded for size
(Font)              <8> on input line 77.
LaTeX Font Info:    External font `cmex10' loaded for size
(Font)              <6> on input line 77.
Requested font "cmr8" at 8.0pt
Requested font "cmr6" at 6.0pt
Requested font "[Lato-Light.ttf]/OT:script=latn;language=DFLT;mapping=tex-text;
mapping=tex-text;" at 8.0pt
 -> C:/WINDOWS/Fonts/Lato-Light.ttf
Location field: empty
Title: no
Subject: before opening

LaTeX Font Warning: Font shape `EU1/texgyreheros-regular.otf(0)/bx/n' undefined

(Font)              using `EU1/texgyreheros-regular.otf(0)/m/n' instead on inpu
t line 77.


Underfull \hbox (badness 10000) in paragraph at lines 81--82

 []


Underfull \hbox (badness 10000) in paragraph at lines 83--85

 []


Underfull \hbox (badness 10000) in paragraph at lines 86--92

 []


Underfull \hbox (badness 10000) in paragraph at lines 93--96

 []


Underfull \hbox (badness 10000) in paragraph at lines 97--100

 []


Underfull \hbox (badness 10000) in paragraph at lines 97--100

 []


Underfull \hbox (badness 10000) in paragraph at lines 97--100

 []


LaTeX Font Warning: Font shape `EU1/texgyreheros-regular.otf(0)/m/it' undefined

(Font)              using `EU1/texgyreheros-regular.otf(0)/m/n' instead on inpu
t line 101.

[1

] (covertemplate.aux)

LaTeX Font Warning: Some font shapes were not available, defaults substituted.

 ) 
Here is how much of TeX's memory you used:
 15191 strings out of 428790
 310580 string characters out of 3164815
 411761 words of memory out of 3000000
 18427 multiletter control sequences out of 15000+200000
 6973 words of font info for 46 fonts, out of 3000000 for 9000
 1096 hyphenation exceptions out of 8191
 58i,8n,65p,10413b,325s stack positions out of 5000i,500n,10000p,200000b,50000s

Output written on covertemplate.pdf (1 page).
